# Logfile created on 2014-05-09 17:01:40 -0400 by logger.rb/41954
I, [2014-05-09T17:01:40.828960 #26748]  INFO -- : 0:  rack (1.5.2) from /Users/Juice/.rvm/gems/ruby-2.0.0-p353/specifications/rack-1.5.2.gemspec
I, [2014-05-09T17:01:40.828933 #26749]  INFO -- : 1:  newrelic_rpm (3.8.0.218) from /Users/Juice/.rvm/gems/ruby-2.0.0-p353/specifications/newrelic_rpm-3.8.0.218.gemspec
I, [2014-05-09T17:01:40.828961 #26750]  INFO -- : 2:  bundler (1.5.0) from /Users/Juice/.rvm/gems/ruby-2.0.0-p353/specifications/bundler-1.5.0.gemspec
I, [2014-05-09T17:02:53.371087 #26923]  INFO -- : 2:  tilt (1.4.1) from /Users/Juice/.rvm/gems/ruby-2.0.0-p353/specifications/tilt-1.4.1.gemspec
I, [2014-05-09T17:02:53.372207 #26921]  INFO -- : 0:  newrelic_rpm (3.8.0.218) from /Users/Juice/.rvm/gems/ruby-2.0.0-p353/specifications/newrelic_rpm-3.8.0.218.gemspec
I, [2014-05-09T17:02:53.372207 #26924]  INFO -- : 3:  rack (1.5.2) from /Users/Juice/.rvm/gems/ruby-2.0.0-p353/specifications/rack-1.5.2.gemspec
I, [2014-05-09T17:02:53.373289 #26923]  INFO -- : 2:  haml (4.0.5) from /Users/Juice/.rvm/gems/ruby-2.0.0-p353/specifications/haml-4.0.5.gemspec
I, [2014-05-09T17:02:53.377021 #26922]  INFO -- : 1:  bundler (1.5.0) from /Users/Juice/.rvm/gems/ruby-2.0.0-p353/specifications/bundler-1.5.0.gemspec
I, [2014-05-10T11:08:31.005137 #3813]  INFO -- : 1:  timers (1.1.0) from /Users/Juice/.rvm/gems/ruby-2.0.0-p353/specifications/timers-1.1.0.gemspec
I, [2014-05-10T11:08:31.005200 #3812]  INFO -- : 0:  coderay (1.1.0) from /Users/Juice/.rvm/gems/ruby-2.0.0-p353/specifications/coderay-1.1.0.gemspec
I, [2014-05-10T11:08:31.005400 #3815]  INFO -- : 3:  nio4r (1.0.0) from /Users/Juice/.rvm/gems/ruby-2.0.0-p353/specifications/nio4r-1.0.0.gemspec
I, [2014-05-10T11:08:31.005694 #3814]  INFO -- : 2:  eventmachine (1.0.3) from /Users/Juice/.rvm/gems/ruby-2.0.0-p353/specifications/eventmachine-1.0.3.gemspec
I, [2014-05-10T11:08:31.006939 #3814]  INFO -- : 2:  http_parser.rb (0.6.0) from /Users/Juice/.rvm/gems/ruby-2.0.0-p353/specifications/http_parser.rb-0.6.0.gemspec
I, [2014-05-10T11:08:31.006950 #3812]  INFO -- : 0:  ffi (1.9.3) from /Users/Juice/.rvm/gems/ruby-2.0.0-p353/specifications/ffi-1.9.3.gemspec
I, [2014-05-10T11:08:31.007429 #3813]  INFO -- : 1:  formatador (0.2.4) from /Users/Juice/.rvm/gems/ruby-2.0.0-p353/specifications/formatador-0.2.4.gemspec
I, [2014-05-10T11:08:31.007819 #3815]  INFO -- : 3:  rb-fsevent (0.9.4) from /Users/Juice/.rvm/gems/ruby-2.0.0-p353/specifications/rb-fsevent-0.9.4.gemspec
I, [2014-05-10T11:08:31.007966 #3814]  INFO -- : 2:  lumberjack (1.0.5) from /Users/Juice/.rvm/gems/ruby-2.0.0-p353/specifications/lumberjack-1.0.5.gemspec
I, [2014-05-10T11:08:31.008266 #3812]  INFO -- : 0:  method_source (0.8.2) from /Users/Juice/.rvm/gems/ruby-2.0.0-p353/specifications/method_source-0.8.2.gemspec
I, [2014-05-10T11:08:31.008654 #3813]  INFO -- : 1:  slop (3.5.0) from /Users/Juice/.rvm/gems/ruby-2.0.0-p353/specifications/slop-3.5.0.gemspec
I, [2014-05-10T11:08:31.008936 #3815]  INFO -- : 3:  thor (0.19.1) from /Users/Juice/.rvm/gems/ruby-2.0.0-p353/specifications/thor-0.19.1.gemspec
I, [2014-05-10T11:08:31.009229 #3814]  INFO -- : 2:  multi_json (1.9.3) from /Users/Juice/.rvm/gems/ruby-2.0.0-p353/specifications/multi_json-1.9.3.gemspec
I, [2014-05-10T11:08:31.009511 #3812]  INFO -- : 0:  tilt (1.4.1) from /Users/Juice/.rvm/gems/ruby-2.0.0-p353/specifications/tilt-1.4.1.gemspec
I, [2014-05-10T11:08:31.009896 #3813]  INFO -- : 1:  newrelic_rpm (3.8.0.218) from /Users/Juice/.rvm/gems/ruby-2.0.0-p353/specifications/newrelic_rpm-3.8.0.218.gemspec
I, [2014-05-10T11:08:31.010058 #3815]  INFO -- : 3:  rack (1.5.2) from /Users/Juice/.rvm/gems/ruby-2.0.0-p353/specifications/rack-1.5.2.gemspec
I, [2014-05-10T11:08:31.010432 #3814]  INFO -- : 2:  bundler (1.5.0) from /Users/Juice/.rvm/gems/ruby-2.0.0-p353/specifications/bundler-1.5.0.gemspec
I, [2014-05-10T11:08:31.010531 #3812]  INFO -- : 0:  celluloid (0.15.2) from /Users/Juice/.rvm/gems/ruby-2.0.0-p353/specifications/celluloid-0.15.2.gemspec
I, [2014-05-10T11:08:31.010916 #3813]  INFO -- : 1:  em-websocket (0.5.1) from /Users/Juice/.rvm/gems/ruby-2.0.0-p353/specifications/em-websocket-0.5.1.gemspec
I, [2014-05-10T11:08:31.011378 #3815]  INFO -- : 3:  rb-inotify (0.9.4) from /Users/Juice/.rvm/gems/ruby-2.0.0-p353/specifications/rb-inotify-0.9.4.gemspec
I, [2014-05-10T11:08:31.011548 #3812]  INFO -- : 0:  pry (0.9.12.6) from /Users/Juice/.rvm/gems/ruby-2.0.0-p353/specifications/pry-0.9.12.6.gemspec
I, [2014-05-10T11:08:31.011579 #3814]  INFO -- : 2:  haml (4.0.5) from /Users/Juice/.rvm/gems/ruby-2.0.0-p353/specifications/haml-4.0.5.gemspec
I, [2014-05-10T11:08:31.011800 #3813]  INFO -- : 1:  celluloid-io (0.15.0) from /Users/Juice/.rvm/gems/ruby-2.0.0-p353/specifications/celluloid-io-0.15.0.gemspec
I, [2014-05-10T11:08:31.012585 #3814]  INFO -- : 2:  listen (2.7.3) from /Users/Juice/.rvm/gems/ruby-2.0.0-p353/specifications/listen-2.7.3.gemspec
I, [2014-05-10T11:08:31.013410 #3812]  INFO -- : 0:  guard (2.6.0) from /Users/Juice/.rvm/gems/ruby-2.0.0-p353/specifications/guard-2.6.0.gemspec
I, [2014-05-10T11:08:31.014241 #3815]  INFO -- : 3:  guard-livereload (2.1.2) from /Users/Juice/.rvm/gems/ruby-2.0.0-p353/specifications/guard-livereload-2.1.2.gemspec
I, [2014-05-10T16:16:01.252720 #13014]  INFO -- : 2:  timers (1.1.0) from /Users/Juice/.rvm/gems/ruby-2.0.0-p353/specifications/timers-1.1.0.gemspec
I, [2014-05-10T16:16:01.254872 #13013]  INFO -- : 1:  nio4r (1.0.0) from /Users/Juice/.rvm/gems/ruby-2.0.0-p353/specifications/nio4r-1.0.0.gemspec
I, [2014-05-10T16:16:01.254171 #13015]  INFO -- : 3:  eventmachine (1.0.3) from /Users/Juice/.rvm/gems/ruby-2.0.0-p353/specifications/eventmachine-1.0.3.gemspec
I, [2014-05-10T16:16:01.256203 #13014]  INFO -- : 2:  http_parser.rb (0.6.0) from /Users/Juice/.rvm/gems/ruby-2.0.0-p353/specifications/http_parser.rb-0.6.0.gemspec
I, [2014-05-10T16:16:01.256631 #13012]  INFO -- : 0:  coderay (1.1.0) from /Users/Juice/.rvm/gems/ruby-2.0.0-p353/specifications/coderay-1.1.0.gemspec
I, [2014-05-10T16:16:01.257067 #13013]  INFO -- : 1:  ffi (1.9.3) from /Users/Juice/.rvm/gems/ruby-2.0.0-p353/specifications/ffi-1.9.3.gemspec
I, [2014-05-10T16:16:01.257142 #13014]  INFO -- : 2:  formatador (0.2.4) from /Users/Juice/.rvm/gems/ruby-2.0.0-p353/specifications/formatador-0.2.4.gemspec
I, [2014-05-10T16:16:01.257637 #13015]  INFO -- : 3:  rb-fsevent (0.9.4) from /Users/Juice/.rvm/gems/ruby-2.0.0-p353/specifications/rb-fsevent-0.9.4.gemspec
I, [2014-05-10T16:16:01.257894 #13013]  INFO -- : 1:  lumberjack (1.0.5) from /Users/Juice/.rvm/gems/ruby-2.0.0-p353/specifications/lumberjack-1.0.5.gemspec
I, [2014-05-10T16:16:01.258447 #13012]  INFO -- : 0:  method_source (0.8.2) from /Users/Juice/.rvm/gems/ruby-2.0.0-p353/specifications/method_source-0.8.2.gemspec
I, [2014-05-10T16:16:01.258509 #13014]  INFO -- : 2:  slop (3.5.0) from /Users/Juice/.rvm/gems/ruby-2.0.0-p353/specifications/slop-3.5.0.gemspec
I, [2014-05-10T16:16:01.258950 #13013]  INFO -- : 1:  multi_json (1.9.3) from /Users/Juice/.rvm/gems/ruby-2.0.0-p353/specifications/multi_json-1.9.3.gemspec
I, [2014-05-10T16:16:01.259021 #13015]  INFO -- : 3:  thor (0.19.1) from /Users/Juice/.rvm/gems/ruby-2.0.0-p353/specifications/thor-0.19.1.gemspec
I, [2014-05-10T16:16:01.259507 #13012]  INFO -- : 0:  newrelic_rpm (3.8.0.218) from /Users/Juice/.rvm/gems/ruby-2.0.0-p353/specifications/newrelic_rpm-3.8.0.218.gemspec
I, [2014-05-10T16:16:01.259593 #13014]  INFO -- : 2:  rack (1.5.2) from /Users/Juice/.rvm/gems/ruby-2.0.0-p353/specifications/rack-1.5.2.gemspec
I, [2014-05-10T16:16:01.259832 #13013]  INFO -- : 1:  bundler (1.5.0) from /Users/Juice/.rvm/gems/ruby-2.0.0-p353/specifications/bundler-1.5.0.gemspec
I, [2014-05-10T16:16:01.260137 #13015]  INFO -- : 3:  celluloid (0.15.2) from /Users/Juice/.rvm/gems/ruby-2.0.0-p353/specifications/celluloid-0.15.2.gemspec
I, [2014-05-10T16:16:01.260384 #13014]  INFO -- : 2:  em-websocket (0.5.1) from /Users/Juice/.rvm/gems/ruby-2.0.0-p353/specifications/em-websocket-0.5.1.gemspec
I, [2014-05-10T16:16:01.260635 #13012]  INFO -- : 0:  rb-inotify (0.9.4) from /Users/Juice/.rvm/gems/ruby-2.0.0-p353/specifications/rb-inotify-0.9.4.gemspec
I, [2014-05-10T16:16:01.260944 #13015]  INFO -- : 3:  pry (0.9.12.6) from /Users/Juice/.rvm/gems/ruby-2.0.0-p353/specifications/pry-0.9.12.6.gemspec
I, [2014-05-10T16:16:01.261591 #13013]  INFO -- : 1:  celluloid-io (0.15.0) from /Users/Juice/.rvm/gems/ruby-2.0.0-p353/specifications/celluloid-io-0.15.0.gemspec
I, [2014-05-10T16:16:01.262509 #13014]  INFO -- : 2:  listen (2.7.3) from /Users/Juice/.rvm/gems/ruby-2.0.0-p353/specifications/listen-2.7.3.gemspec
I, [2014-05-10T16:16:01.263507 #13012]  INFO -- : 0:  guard (2.6.0) from /Users/Juice/.rvm/gems/ruby-2.0.0-p353/specifications/guard-2.6.0.gemspec
I, [2014-05-10T16:16:01.264270 #13015]  INFO -- : 3:  guard-livereload (2.1.2) from /Users/Juice/.rvm/gems/ruby-2.0.0-p353/specifications/guard-livereload-2.1.2.gemspec
I, [2014-05-10T16:16:26.934306 #13047]  INFO -- : 0:  timers (1.1.0) from /Users/Juice/.rvm/gems/ruby-2.0.0-p353/specifications/timers-1.1.0.gemspec
I, [2014-05-10T16:16:26.936487 #13048]  INFO -- : 1:  coderay (1.1.0) from /Users/Juice/.rvm/gems/ruby-2.0.0-p353/specifications/coderay-1.1.0.gemspec
I, [2014-05-10T16:16:26.936761 #13049]  INFO -- : 2:  nio4r (1.0.0) from /Users/Juice/.rvm/gems/ruby-2.0.0-p353/specifications/nio4r-1.0.0.gemspec
I, [2014-05-10T16:16:26.937928 #13050]  INFO -- : 3:  eventmachine (1.0.3) from /Users/Juice/.rvm/gems/ruby-2.0.0-p353/specifications/eventmachine-1.0.3.gemspec
I, [2014-05-10T16:16:26.943737 #13047]  INFO -- : 0:  http_parser.rb (0.6.0) from /Users/Juice/.rvm/gems/ruby-2.0.0-p353/specifications/http_parser.rb-0.6.0.gemspec
I, [2014-05-10T16:16:26.943728 #13049]  INFO -- : 2:  ffi (1.9.3) from /Users/Juice/.rvm/gems/ruby-2.0.0-p353/specifications/ffi-1.9.3.gemspec
I, [2014-05-10T16:16:26.944434 #13048]  INFO -- : 1:  formatador (0.2.4) from /Users/Juice/.rvm/gems/ruby-2.0.0-p353/specifications/formatador-0.2.4.gemspec
I, [2014-05-10T16:16:26.944805 #13050]  INFO -- : 3:  rb-fsevent (0.9.4) from /Users/Juice/.rvm/gems/ruby-2.0.0-p353/specifications/rb-fsevent-0.9.4.gemspec
I, [2014-05-10T16:16:26.944882 #13047]  INFO -- : 0:  lumberjack (1.0.5) from /Users/Juice/.rvm/gems/ruby-2.0.0-p353/specifications/lumberjack-1.0.5.gemspec
I, [2014-05-10T16:16:26.945392 #13049]  INFO -- : 2:  method_source (0.8.2) from /Users/Juice/.rvm/gems/ruby-2.0.0-p353/specifications/method_source-0.8.2.gemspec
I, [2014-05-10T16:16:26.945618 #13048]  INFO -- : 1:  slop (3.5.0) from /Users/Juice/.rvm/gems/ruby-2.0.0-p353/specifications/slop-3.5.0.gemspec
I, [2014-05-10T16:16:26.945923 #13047]  INFO -- : 0:  thor (0.19.1) from /Users/Juice/.rvm/gems/ruby-2.0.0-p353/specifications/thor-0.19.1.gemspec
I, [2014-05-10T16:16:26.946429 #13050]  INFO -- : 3:  multi_json (1.9.3) from /Users/Juice/.rvm/gems/ruby-2.0.0-p353/specifications/multi_json-1.9.3.gemspec
I, [2014-05-10T16:16:26.946489 #13048]  INFO -- : 1:  newrelic_rpm (3.8.0.218) from /Users/Juice/.rvm/gems/ruby-2.0.0-p353/specifications/newrelic_rpm-3.8.0.218.gemspec
I, [2014-05-10T16:16:26.946815 #13049]  INFO -- : 2:  rack (1.5.2) from /Users/Juice/.rvm/gems/ruby-2.0.0-p353/specifications/rack-1.5.2.gemspec
I, [2014-05-10T16:16:26.947009 #13047]  INFO -- : 0:  bundler (1.5.0) from /Users/Juice/.rvm/gems/ruby-2.0.0-p353/specifications/bundler-1.5.0.gemspec
I, [2014-05-10T16:16:26.947333 #13050]  INFO -- : 3:  celluloid (0.15.2) from /Users/Juice/.rvm/gems/ruby-2.0.0-p353/specifications/celluloid-0.15.2.gemspec
I, [2014-05-10T16:16:26.947496 #13048]  INFO -- : 1:  em-websocket (0.5.1) from /Users/Juice/.rvm/gems/ruby-2.0.0-p353/specifications/em-websocket-0.5.1.gemspec
I, [2014-05-10T16:16:26.947878 #13049]  INFO -- : 2:  rb-inotify (0.9.4) from /Users/Juice/.rvm/gems/ruby-2.0.0-p353/specifications/rb-inotify-0.9.4.gemspec
I, [2014-05-10T16:16:26.947961 #13047]  INFO -- : 0:  pry (0.9.12.6) from /Users/Juice/.rvm/gems/ruby-2.0.0-p353/specifications/pry-0.9.12.6.gemspec
I, [2014-05-10T16:16:26.948359 #13050]  INFO -- : 3:  celluloid-io (0.15.0) from /Users/Juice/.rvm/gems/ruby-2.0.0-p353/specifications/celluloid-io-0.15.0.gemspec
I, [2014-05-10T16:16:26.949176 #13048]  INFO -- : 1:  listen (2.7.3) from /Users/Juice/.rvm/gems/ruby-2.0.0-p353/specifications/listen-2.7.3.gemspec
I, [2014-05-10T16:16:26.949880 #13049]  INFO -- : 2:  guard (2.6.0) from /Users/Juice/.rvm/gems/ruby-2.0.0-p353/specifications/guard-2.6.0.gemspec
I, [2014-05-10T16:16:26.950566 #13047]  INFO -- : 0:  guard-livereload (2.1.2) from /Users/Juice/.rvm/gems/ruby-2.0.0-p353/specifications/guard-livereload-2.1.2.gemspec
I, [2014-05-28T17:33:12.442227 #3553]  INFO -- : 0:  coderay (1.1.0) from /Users/Juice/.rvm/gems/ruby-2.0.0-p353/specifications/coderay-1.1.0.gemspec
I, [2014-05-28T17:33:12.442286 #3554]  INFO -- : 1:  timers (1.1.0) from /Users/Juice/.rvm/gems/ruby-2.0.0-p353/specifications/timers-1.1.0.gemspec
I, [2014-05-28T17:33:12.442325 #3555]  INFO -- : 2:  eventmachine (1.0.3) from /Users/Juice/.rvm/gems/ruby-2.0.0-p353/specifications/eventmachine-1.0.3.gemspec
I, [2014-05-28T17:33:12.443171 #3556]  INFO -- : 3:  nio4r (1.0.0) from /Users/Juice/.rvm/gems/ruby-2.0.0-p353/specifications/nio4r-1.0.0.gemspec
I, [2014-05-28T17:33:12.443896 #3555]  INFO -- : 2:  http_parser.rb (0.6.0) from /Users/Juice/.rvm/gems/ruby-2.0.0-p353/specifications/http_parser.rb-0.6.0.gemspec
I, [2014-05-28T17:33:12.444088 #3554]  INFO -- : 1:  ffi (1.9.3) from /Users/Juice/.rvm/gems/ruby-2.0.0-p353/specifications/ffi-1.9.3.gemspec
I, [2014-05-28T17:33:12.444387 #3553]  INFO -- : 0:  formatador (0.2.4) from /Users/Juice/.rvm/gems/ruby-2.0.0-p353/specifications/formatador-0.2.4.gemspec
I, [2014-05-28T17:33:12.444798 #3555]  INFO -- : 2:  lumberjack (1.0.5) from /Users/Juice/.rvm/gems/ruby-2.0.0-p353/specifications/lumberjack-1.0.5.gemspec
I, [2014-05-28T17:33:12.444946 #3556]  INFO -- : 3:  rb-fsevent (0.9.4) from /Users/Juice/.rvm/gems/ruby-2.0.0-p353/specifications/rb-fsevent-0.9.4.gemspec
I, [2014-05-28T17:33:12.445232 #3554]  INFO -- : 1:  method_source (0.8.2) from /Users/Juice/.rvm/gems/ruby-2.0.0-p353/specifications/method_source-0.8.2.gemspec
I, [2014-05-28T17:33:12.445607 #3553]  INFO -- : 0:  slop (3.5.0) from /Users/Juice/.rvm/gems/ruby-2.0.0-p353/specifications/slop-3.5.0.gemspec
I, [2014-05-28T17:33:12.445801 #3555]  INFO -- : 2:  thor (0.19.1) from /Users/Juice/.rvm/gems/ruby-2.0.0-p353/specifications/thor-0.19.1.gemspec
I, [2014-05-28T17:33:12.446112 #3556]  INFO -- : 3:  multi_json (1.9.3) from /Users/Juice/.rvm/gems/ruby-2.0.0-p353/specifications/multi_json-1.9.3.gemspec
I, [2014-05-28T17:33:12.446419 #3554]  INFO -- : 1:  newrelic_rpm (3.8.0.218) from /Users/Juice/.rvm/gems/ruby-2.0.0-p353/specifications/newrelic_rpm-3.8.0.218.gemspec
I, [2014-05-28T17:33:12.446555 #3553]  INFO -- : 0:  rack (1.5.2) from /Users/Juice/.rvm/gems/ruby-2.0.0-p353/specifications/rack-1.5.2.gemspec
I, [2014-05-28T17:33:12.446958 #3555]  INFO -- : 2:  bundler (1.5.0) from /Users/Juice/.rvm/gems/ruby-2.0.0-p353/specifications/bundler-1.5.0.gemspec
I, [2014-05-28T17:33:12.447165 #3556]  INFO -- : 3:  celluloid (0.15.2) from /Users/Juice/.rvm/gems/ruby-2.0.0-p353/specifications/celluloid-0.15.2.gemspec
I, [2014-05-28T17:33:12.447230 #3554]  INFO -- : 1:  em-websocket (0.5.1) from /Users/Juice/.rvm/gems/ruby-2.0.0-p353/specifications/em-websocket-0.5.1.gemspec
I, [2014-05-28T17:33:12.447674 #3553]  INFO -- : 0:  rb-inotify (0.9.4) from /Users/Juice/.rvm/gems/ruby-2.0.0-p353/specifications/rb-inotify-0.9.4.gemspec
I, [2014-05-28T17:33:12.448037 #3556]  INFO -- : 3:  pry (0.9.12.6) from /Users/Juice/.rvm/gems/ruby-2.0.0-p353/specifications/pry-0.9.12.6.gemspec
I, [2014-05-28T17:33:12.448315 #3554]  INFO -- : 1:  celluloid-io (0.15.0) from /Users/Juice/.rvm/gems/ruby-2.0.0-p353/specifications/celluloid-io-0.15.0.gemspec
I, [2014-05-28T17:33:12.449053 #3555]  INFO -- : 2:  listen (2.7.3) from /Users/Juice/.rvm/gems/ruby-2.0.0-p353/specifications/listen-2.7.3.gemspec
I, [2014-05-28T17:33:12.449673 #3553]  INFO -- : 0:  guard (2.6.0) from /Users/Juice/.rvm/gems/ruby-2.0.0-p353/specifications/guard-2.6.0.gemspec
I, [2014-05-28T17:33:12.450473 #3556]  INFO -- : 3:  guard-livereload (2.1.2) from /Users/Juice/.rvm/gems/ruby-2.0.0-p353/specifications/guard-livereload-2.1.2.gemspec
I, [2014-06-30T15:39:09.863783 #15152]  INFO -- : 2:  eventmachine (1.0.3) from /Users/Juice/.rvm/gems/ruby-2.0.0-p353/specifications/eventmachine-1.0.3.gemspec
I, [2014-06-30T15:39:09.865369 #15153]  INFO -- : 3:  nio4r (1.0.0) from /Users/Juice/.rvm/gems/ruby-2.0.0-p353/specifications/nio4r-1.0.0.gemspec
I, [2014-06-30T15:39:09.866933 #15150]  INFO -- : 0:  timers (1.1.0) from /Users/Juice/.rvm/gems/ruby-2.0.0-p353/specifications/timers-1.1.0.gemspec
I, [2014-06-30T15:39:09.869319 #15152]  INFO -- : 2:  http_parser.rb (0.6.0) from /Users/Juice/.rvm/gems/ruby-2.0.0-p353/specifications/http_parser.rb-0.6.0.gemspec
I, [2014-06-30T15:39:09.869569 #15153]  INFO -- : 3:  ffi (1.9.3) from /Users/Juice/.rvm/gems/ruby-2.0.0-p353/specifications/ffi-1.9.3.gemspec
I, [2014-06-30T15:39:09.871310 #15152]  INFO -- : 2:  formatador (0.2.4) from /Users/Juice/.rvm/gems/ruby-2.0.0-p353/specifications/formatador-0.2.4.gemspec
I, [2014-06-30T15:39:09.871568 #15151]  INFO -- : 1:  coderay (1.1.0) from /Users/Juice/.rvm/gems/ruby-2.0.0-p353/specifications/coderay-1.1.0.gemspec
I, [2014-06-30T15:39:09.872912 #15153]  INFO -- : 3:  lumberjack (1.0.5) from /Users/Juice/.rvm/gems/ruby-2.0.0-p353/specifications/lumberjack-1.0.5.gemspec
I, [2014-06-30T15:39:09.873040 #15150]  INFO -- : 0:  rb-fsevent (0.9.4) from /Users/Juice/.rvm/gems/ruby-2.0.0-p353/specifications/rb-fsevent-0.9.4.gemspec
I, [2014-06-30T15:39:09.873949 #15152]  INFO -- : 2:  method_source (0.8.2) from /Users/Juice/.rvm/gems/ruby-2.0.0-p353/specifications/method_source-0.8.2.gemspec
I, [2014-06-30T15:39:09.874604 #15151]  INFO -- : 1:  slop (3.5.0) from /Users/Juice/.rvm/gems/ruby-2.0.0-p353/specifications/slop-3.5.0.gemspec
I, [2014-06-30T15:39:09.874713 #15153]  INFO -- : 3:  thor (0.19.1) from /Users/Juice/.rvm/gems/ruby-2.0.0-p353/specifications/thor-0.19.1.gemspec
I, [2014-06-30T15:39:09.876013 #15150]  INFO -- : 0:  multi_json (1.9.3) from /Users/Juice/.rvm/gems/ruby-2.0.0-p353/specifications/multi_json-1.9.3.gemspec
I, [2014-06-30T15:39:09.877688 #15151]  INFO -- : 1:  rack (1.5.2) from /Users/Juice/.rvm/gems/ruby-2.0.0-p353/specifications/rack-1.5.2.gemspec
I, [2014-06-30T15:39:09.878254 #15152]  INFO -- : 2:  newrelic_rpm (3.8.0.218) from /Users/Juice/.rvm/gems/ruby-2.0.0-p353/specifications/newrelic_rpm-3.8.0.218.gemspec
I, [2014-06-30T15:39:09.879256 #15150]  INFO -- : 0:  bundler (1.5.0) from /Users/Juice/.rvm/gems/ruby-2.0.0-p353/specifications/bundler-1.5.0.gemspec
I, [2014-06-30T15:39:09.880467 #15152]  INFO -- : 2:  em-websocket (0.5.1) from /Users/Juice/.rvm/gems/ruby-2.0.0-p353/specifications/em-websocket-0.5.1.gemspec
I, [2014-06-30T15:39:09.881897 #15151]  INFO -- : 1:  celluloid (0.15.2) from /Users/Juice/.rvm/gems/ruby-2.0.0-p353/specifications/celluloid-0.15.2.gemspec
I, [2014-06-30T15:39:09.882455 #15153]  INFO -- : 3:  rb-inotify (0.9.4) from /Users/Juice/.rvm/gems/ruby-2.0.0-p353/specifications/rb-inotify-0.9.4.gemspec
I, [2014-06-30T15:39:09.883303 #15150]  INFO -- : 0:  pry (0.9.12.6) from /Users/Juice/.rvm/gems/ruby-2.0.0-p353/specifications/pry-0.9.12.6.gemspec
I, [2014-06-30T15:39:09.883856 #15153]  INFO -- : 3:  celluloid-io (0.15.0) from /Users/Juice/.rvm/gems/ruby-2.0.0-p353/specifications/celluloid-io-0.15.0.gemspec
I, [2014-06-30T15:39:09.884844 #15151]  INFO -- : 1:  listen (2.7.3) from /Users/Juice/.rvm/gems/ruby-2.0.0-p353/specifications/listen-2.7.3.gemspec
I, [2014-06-30T15:39:09.885777 #15152]  INFO -- : 2:  guard (2.6.0) from /Users/Juice/.rvm/gems/ruby-2.0.0-p353/specifications/guard-2.6.0.gemspec
I, [2014-06-30T15:39:09.886609 #15150]  INFO -- : 0:  guard-livereload (2.1.2) from /Users/Juice/.rvm/gems/ruby-2.0.0-p353/specifications/guard-livereload-2.1.2.gemspec
